Build started 3/12/2013 8:33:45 PM.
     1>Project "F:\CMPSC 122\Homework\Homework 2\Homework1\Homework1.vcxproj" on node 2 (build target(s)).
     1>InitializeBuildStatus:
         Creating "Debug\Homework1.unsuccessfulbuild" because "AlwaysCreate" was specified.
       ClCompile:
         C:\Program Files (x86)\Microsoft Visual Studio 10.0\VC\bin\CL.exe /c /ZI /nologo /W3 /WX- /Od /Oy- /D WIN32 /D _DEBUG /D _CONSOLE /D _UNICODE /D UNICODE /Gm /EHsc /RTC1 /MDd /GS /fp:precise /Zc:wchar_t /Zc:forScope /Fo"Debug\\" /Fd"Debug\vc100.pdb" /Gd /TP /analyze- /errorReport:prompt Main.cpp
         Main.cpp
       ManifestResourceCompile:
         All outputs are up-to-date.
       Link:
         C:\Program Files (x86)\Microsoft Visual Studio 10.0\VC\bin\link.exe /ERRORREPORT:PROMPT /OUT:"F:\CMPSC 122\Homework\Homework 2\Debug\Homework1.exe" /INCREMENTAL /NOLOGO kernel32.lib user32.lib gdi32.lib winspool.lib comdlg32.lib advapi32.lib shell32.lib ole32.lib oleaut32.lib uuid.lib odbc32.lib odbccp32.lib /MANIFEST /ManifestFile:"Debug\Homework1.exe.intermediate.manifest" /MANIFESTUAC:"level='asInvoker' uiAccess='false'" /DEBUG /PDB:"F:\CMPSC 122\Homework\Homework 2\Debug\Homework1.pdb" /SUBSYSTEM:CONSOLE /TLBID:1 /DYNAMICBASE /NXCOMPAT /IMPLIB:"F:\CMPSC 122\Homework\Homework 2\Debug\Homework1.lib" /MACHINE:X86 Debug\Homework1.exe.embed.manifest.res
         Debug\DomainPart.obj
         Debug\Email.obj
         Debug\LocalPart.obj
         Debug\Main.obj
         Debug\String.obj
         Debug\SubdomainPart.obj
         Debug\TldPart.obj
       Manifest:
         C:\Program Files (x86)\Microsoft SDKs\Windows\v7.0A\bin\mt.exe /nologo /verbose /out:"Debug\Homework1.exe.embed.manifest" /manifest Debug\Homework1.exe.intermediate.manifest
         All outputs are up-to-date.
       LinkEmbedManifest:
         All outputs are up-to-date.
         Homework1.vcxproj -> F:\CMPSC 122\Homework\Homework 2\Debug\Homework1.exe
       FinalizeBuildStatus:
         Deleting file "Debug\Homework1.unsuccessfulbuild".
         Touching "Debug\Homework1.lastbuildstate".
     1>Done Building Project "F:\CMPSC 122\Homework\Homework 2\Homework1\Homework1.vcxproj" (build target(s)).

Build succeeded.

Time Elapsed 00:00:24.97
