Build started 3/12/2013 9:10:24 AM.
     1>Project "E:\CMPSC 122\Labs\Labs\Tree\Tree.vcxproj" on node 2 (build target(s)).
     1>InitializeBuildStatus:
         Touching "Debug\Tree.unsuccessfulbuild".
       ClCompile:
         c:\Program Files\Microsoft Visual Studio 10.0\VC\bin\CL.exe /c /ZI /nologo /W3 /WX- /Od /Oy- /D WIN32 /D _DEBUG /D _CONSOLE /D _UNICODE /D UNICODE /Gm /EHsc /RTC1 /MDd /GS /fp:precise /Zc:wchar_t /Zc:forScope /Fo"Debug\\" /Fd"Debug\vc100.pdb" /Gd /TP /analyze- /errorReport:prompt Main.cpp
         Main.cpp
     1>e:\cmpsc 122\labs\labs\tree\main.cpp(51): warning C4018: '<' : signed/unsigned mismatch
       ManifestResourceCompile:
         All outputs are up-to-date.
       Link:
         c:\Program Files\Microsoft Visual Studio 10.0\VC\bin\link.exe /ERRORREPORT:PROMPT /OUT:"E:\CMPSC 122\Labs\Labs\Debug\Tree.exe" /INCREMENTAL /NOLOGO kernel32.lib user32.lib gdi32.lib winspool.lib comdlg32.lib advapi32.lib shell32.lib ole32.lib oleaut32.lib uuid.lib odbc32.lib odbccp32.lib /MANIFEST /ManifestFile:"Debug\Tree.exe.intermediate.manifest" /MANIFESTUAC:"level='asInvoker' uiAccess='false'" /DEBUG /PDB:"E:\CMPSC 122\Labs\Labs\Debug\Tree.pdb" /SUBSYSTEM:CONSOLE /TLBID:1 /DYNAMICBASE /NXCOMPAT /IMPLIB:"E:\CMPSC 122\Labs\Labs\Debug\Tree.lib" /MACHINE:X86 Debug\Tree.exe.embed.manifest.res
         Debug\Main.obj
       Manifest:
         c:\Program Files\Microsoft SDKs\Windows\v7.0A\bin\mt.exe /nologo /verbose /out:"Debug\Tree.exe.embed.manifest" /manifest Debug\Tree.exe.intermediate.manifest
         All outputs are up-to-date.
       LinkEmbedManifest:
         All outputs are up-to-date.
         Tree.vcxproj -> E:\CMPSC 122\Labs\Labs\Debug\Tree.exe
       FinalizeBuildStatus:
         Deleting file "Debug\Tree.unsuccessfulbuild".
         Touching "Debug\Tree.lastbuildstate".
     1>Done Building Project "E:\CMPSC 122\Labs\Labs\Tree\Tree.vcxproj" (build target(s)).

Build succeeded.

Time Elapsed 00:00:15.47
