G:\CMPSC 122\LABS\LABS\DEBUG\STRING2.EXE
G:\CMPSC 122\LABS\LABS\DEBUG\STRING2.ILK
G:\CMPSC 122\LABS\LABS\DEBUG\STRING2.PDB
G:\CMPSC 122\Labs\Labs\String\Debug\cl.command.1.tlog
G:\CMPSC 122\Labs\Labs\String\Debug\CL.read.1.tlog
G:\CMPSC 122\Labs\Labs\String\Debug\CL.write.1.tlog
G:\CMPSC 122\Labs\Labs\String\Debug\link.3532.read.1.tlog
G:\CMPSC 122\Labs\Labs\String\Debug\link.3532.write.1.tlog
G:\CMPSC 122\Labs\Labs\String\Debug\link.3532-cvtres.read.1.tlog
G:\CMPSC 122\Labs\Labs\String\Debug\link.3532-cvtres.write.1.tlog
G:\CMPSC 122\Labs\Labs\String\Debug\link.5724.read.1.tlog
G:\CMPSC 122\Labs\Labs\String\Debug\link.5724.write.1.tlog
G:\CMPSC 122\Labs\Labs\String\Debug\link.5724-cvtres.read.1.tlog
G:\CMPSC 122\Labs\Labs\String\Debug\link.5724-cvtres.write.1.tlog
G:\CMPSC 122\Labs\Labs\String\Debug\link.command.1.tlog
G:\CMPSC 122\Labs\Labs\String\Debug\link.read.1.tlog
G:\CMPSC 122\Labs\Labs\String\Debug\link.write.1.tlog
G:\CMPSC 122\Labs\Labs\String\Debug\link-cvtres.read.1.tlog
G:\CMPSC 122\Labs\Labs\String\Debug\link-cvtres.write.1.tlog
G:\CMPSC 122\LABS\LABS\STRING\DEBUG\MAIN.OBJ
G:\CMPSC 122\Labs\Labs\String\Debug\mt.command.1.tlog
G:\CMPSC 122\Labs\Labs\String\Debug\mt.read.1.tlog
G:\CMPSC 122\Labs\Labs\String\Debug\mt.write.1.tlog
G:\CMPSC 122\Labs\Labs\String\Debug\rc.command.1.tlog
G:\CMPSC 122\Labs\Labs\String\Debug\rc.read.1.tlog
G:\CMPSC 122\Labs\Labs\String\Debug\rc.write.1.tlog
G:\CMPSC 122\Labs\Labs\String\Debug\String.exe.embed.manifest
G:\CMPSC 122\LABS\LABS\STRING\DEBUG\STRING.EXE.EMBED.MANIFEST.RES
G:\CMPSC 122\Labs\Labs\String\Debug\String.exe.intermediate.manifest
G:\CMPSC 122\LABS\LABS\STRING\DEBUG\STRING.OBJ
G:\CMPSC 122\Labs\Labs\String\Debug\String.write.1.tlog
G:\CMPSC 122\Labs\Labs\String\Debug\String_manifest.rc
G:\CMPSC 122\LABS\LABS\STRING\DEBUG\STRING2.EXE.EMBED.MANIFEST
G:\CMPSC 122\LABS\LABS\STRING\DEBUG\STRING2.EXE.EMBED.MANIFEST.RES
G:\CMPSC 122\LABS\LABS\STRING\DEBUG\STRING2.EXE.INTERMEDIATE.MANIFEST
G:\CMPSC 122\Labs\Labs\String\Debug\String2.write.1.tlog
G:\CMPSC 122\Labs\Labs\String\Debug\String2_manifest.rc
G:\CMPSC 122\Labs\Labs\String\Debug\vc100.idb
G:\CMPSC 122\LABS\LABS\STRING\DEBUG\VC100.PDB
